<?xml version="1.0" encoding="UTF-8"?>
<coverage generated="1636049313657" clover="3.2.0">
  <project timestamp="1636049313657" name="All files">
    <metrics statements="34" coveredstatements="21" conditionals="8" coveredconditionals="1" methods="14" coveredmethods="6" elements="56" coveredelements="28" complexity="0" loc="34" ncloc="34" packages="4" files="4" classes="4"/>
    <package name="galaxy-rest-waiter-app">
      <metrics statements="3" coveredstatements="2" conditionals="0" coveredconditionals="0" methods="1" coveredmethods="0"/>
      <file name="assetsTransformer.js" path="C:\Users\ASUS\Documents\New waiter code\galaxy-rest-waiter-app\assetsTransformer.js">
        <metrics statements="3" coveredstatements="2" conditionals="0" coveredconditionals="0" methods="1" coveredmethods="0"/>
        <line num="1" count="1" type="stmt"/>
        <line num="3" count="1" type="stmt"/>
        <line num="5" count="0" type="stmt"/>
      </file>
    </package>
    <package name="galaxy-rest-waiter-app.Screens">
      <metrics statements="25" coveredstatements="14" conditionals="6" coveredconditionals="1" methods="9" coveredmethods="5"/>
      <file name="LoginScreen.js" path="C:\Users\ASUS\Documents\New waiter code\galaxy-rest-waiter-app\Screens\LoginScreen.js">
        <metrics statements="25" coveredstatements="14" conditionals="6" coveredconditionals="1" methods="9" coveredmethods="5"/>
        <line num="16" count="1" type="stmt"/>
        <line num="17" count="4" type="stmt"/>
        <line num="18" count="4" type="stmt"/>
        <line num="20" count="4" type="stmt"/>
        <line num="60" count="4" type="stmt"/>
        <line num="61" count="0" type="cond" truecount="0" falsecount="4"/>
        <line num="62" count="0" type="stmt"/>
        <line num="72" count="0" type="stmt"/>
        <line num="75" count="0" type="stmt"/>
        <line num="76" count="0" type="stmt"/>
        <line num="77" count="0" type="stmt"/>
        <line num="79" count="0" type="stmt"/>
        <line num="89" count="0" type="stmt"/>
        <line num="98" count="4" type="stmt"/>
        <line num="99" count="2" type="stmt"/>
        <line num="100" count="2" type="cond" truecount="1" falsecount="1"/>
        <line num="101" count="0" type="stmt"/>
        <line num="102" count="0" type="stmt"/>
        <line num="104" count="2" type="stmt"/>
        <line num="113" count="4" type="stmt"/>
        <line num="114" count="2" type="stmt"/>
        <line num="116" count="4" type="stmt"/>
        <line num="141" count="1" type="stmt"/>
        <line num="153" count="1" type="stmt"/>
        <line num="166" count="0" type="stmt"/>
      </file>
    </package>
    <package name="galaxy-rest-waiter-app.shared">
      <metrics statements="5" coveredstatements="4" conditionals="2" coveredconditionals="0" methods="4" coveredmethods="1"/>
      <file name="Button.js" path="C:\Users\ASUS\Documents\New waiter code\galaxy-rest-waiter-app\shared\Button.js">
        <metrics statements="5" coveredstatements="4" conditionals="2" coveredconditionals="0" methods="4" coveredmethods="1"/>
        <line num="5" count="1" type="cond" truecount="0" falsecount="1"/>
        <line num="6" count="4" type="stmt"/>
        <line num="15" count="1" type="cond" truecount="0" falsecount="1"/>
        <line num="16" count="0" type="stmt"/>
        <line num="25" count="1" type="stmt"/>
      </file>
    </package>
    <package name="galaxy-rest-waiter-app.styles">
      <metrics statements="1" coveredstatements="1" conditionals="0" coveredconditionals="0" methods="0" coveredmethods="0"/>
      <file name="colors.js" path="C:\Users\ASUS\Documents\New waiter code\galaxy-rest-waiter-app\styles\colors.js">
        <metrics statements="1" coveredstatements="1" conditionals="0" coveredconditionals="0" methods="0" coveredmethods="0"/>
        <line num="1" count="1" type="stmt"/>
      </file>
    </package>
  </project>
</coverage>
