{"F:\\waiter-app\\New waiter code\\galaxy-rest-waiter-app\\assetsTransformer.js": {"path":"F:\\waiter-app\\New waiter code\\galaxy-rest-waiter-app\\assetsTransformer.js","statementMap":{"0":{"start":{"line":1,"column":13},"end":{"line":1,"column":28}},"1":{"start":{"line":3,"column":0},"end":{"line":7,"column":2}},"2":{"start":{"line":5,"column":4},"end":{"line":5,"column":79}}},"fnMap":{"0":{"name":"(anonymous_0)","decl":{"start":{"line":4,"column":2},"end":{"line":4,"column":3}},"loc":{"start":{"line":4,"column":42},"end":{"line":6,"column":3}},"line":4}},"branchMap":{},"s":{"0":3,"1":3,"2":0},"f":{"0":0},"b":{},"_coverageSchema":"1a1c01bbd47fc00a2c39e90264f33305004495a9","hash":"69abd5cdf875b1dd90fe4b96f26e38151c46e865"}
,"F:\\waiter-app\\New waiter code\\galaxy-rest-waiter-app\\Screens\\LoadingScreen.js": {"path":"F:\\waiter-app\\New waiter code\\galaxy-rest-waiter-app\\Screens\\LoadingScreen.js","statementMap":{"0":{"start":{"line":4,"column":22},"end":{"line":12,"column":1}},"1":{"start":{"line":5,"column":2},"end":{"line":11,"column":4}},"2":{"start":{"line":14,"column":15},"end":{"line":20,"column":2}}},"fnMap":{"0":{"name":"(anonymous_0)","decl":{"start":{"line":4,"column":22},"end":{"line":4,"column":23}},"loc":{"start":{"line":4,"column":33},"end":{"line":12,"column":1}},"line":4}},"branchMap":{},"s":{"0":1,"1":1,"2":1},"f":{"0":1},"b":{},"_coverageSchema":"1a1c01bbd47fc00a2c39e90264f33305004495a9","hash":"a841ed26d3b0ad0cdc33408d260916f3d8056f4e"}
,"F:\\waiter-app\\New waiter code\\galaxy-rest-waiter-app\\Screens\\LoginScreen.js": {"path":"F:\\waiter-app\\New waiter code\\galaxy-rest-waiter-app\\Screens\\LoginScreen.js","statementMap":{"0":{"start":{"line":16,"column":20},"end":{"line":171,"column":1}},"1":{"start":{"line":17,"column":28},"end":{"line":17,"column":40}},"2":{"start":{"line":18,"column":34},"end":{"line":18,"column":46}},"3":{"start":{"line":20,"column":17},"end":{"line":59,"column":4}},"4":{"start":{"line":60,"column":19},"end":{"line":97,"column":3}},"5":{"start":{"line":61,"column":4},"end":{"line":96,"column":5}},"6":{"start":{"line":62,"column":6},"end":{"line":87,"column":11}},"7":{"start":{"line":72,"column":23},"end":{"line":72,"column":33}},"8":{"start":{"line":75,"column":10},"end":{"line":86,"column":11}},"9":{"start":{"line":76,"column":12},"end":{"line":76,"column":60}},"10":{"start":{"line":77,"column":12},"end":{"line":77,"column":46}},"11":{"start":{"line":79,"column":12},"end":{"line":85,"column":15}},"12":{"start":{"line":89,"column":6},"end":{"line":95,"column":9}},"13":{"start":{"line":98,"column":22},"end":{"line":112,"column":3}},"14":{"start":{"line":99,"column":18},"end":{"line":99,"column":53}},"15":{"start":{"line":100,"column":4},"end":{"line":111,"column":5}},"16":{"start":{"line":101,"column":6},"end":{"line":101,"column":29}},"17":{"start":{"line":102,"column":6},"end":{"line":102,"column":40}},"18":{"start":{"line":104,"column":6},"end":{"line":110,"column":9}},"19":{"start":{"line":113,"column":2},"end":{"line":115,"column":9}},"20":{"start":{"line":114,"column":4},"end":{"line":114,"column":18}},"21":{"start":{"line":116,"column":2},"end":{"line":170,"column":4}},"22":{"start":{"line":141,"column":42},"end":{"line":141,"column":56}},"23":{"start":{"line":153,"column":20},"end":{"line":153,"column":38}},"24":{"start":{"line":166,"column":25},"end":{"line":166,"column":40}}},"fnMap":{"0":{"name":"(anonymous_0)","decl":{"start":{"line":16,"column":20},"end":{"line":16,"column":21}},"loc":{"start":{"line":16,"column":31},"end":{"line":171,"column":1}},"line":16},"1":{"name":"(anonymous_1)","decl":{"start":{"line":60,"column":19},"end":{"line":60,"column":20}},"loc":{"start":{"line":60,"column":36},"end":{"line":97,"column":3}},"line":60},"2":{"name":"(anonymous_2)","decl":{"start":{"line":72,"column":14},"end":{"line":72,"column":15}},"loc":{"start":{"line":72,"column":23},"end":{"line":72,"column":33}},"line":72},"3":{"name":"(anonymous_3)","decl":{"start":{"line":74,"column":14},"end":{"line":74,"column":15}},"loc":{"start":{"line":74,"column":30},"end":{"line":87,"column":9}},"line":74},"4":{"name":"(anonymous_4)","decl":{"start":{"line":98,"column":22},"end":{"line":98,"column":23}},"loc":{"start":{"line":98,"column":34},"end":{"line":112,"column":3}},"line":98},"5":{"name":"(anonymous_5)","decl":{"start":{"line":113,"column":12},"end":{"line":113,"column":13}},"loc":{"start":{"line":113,"column":18},"end":{"line":115,"column":3}},"line":113},"6":{"name":"(anonymous_6)","decl":{"start":{"line":141,"column":32},"end":{"line":141,"column":33}},"loc":{"start":{"line":141,"column":42},"end":{"line":141,"column":56}},"line":141},"7":{"name":"(anonymous_7)","decl":{"start":{"line":152,"column":32},"end":{"line":152,"column":33}},"loc":{"start":{"line":152,"column":42},"end":{"line":154,"column":19}},"line":152},"8":{"name":"(anonymous_8)","decl":{"start":{"line":166,"column":19},"end":{"line":166,"column":20}},"loc":{"start":{"line":166,"column":25},"end":{"line":166,"column":40}},"line":166}},"branchMap":{"0":{"loc":{"start":{"line":61,"column":4},"end":{"line":96,"column":5}},"type":"if","locations":[{"start":{"line":61,"column":4},"end":{"line":96,"column":5}},{"start":{"line":88,"column":11},"end":{"line":96,"column":5}}],"line":61},"1":{"loc":{"start":{"line":61,"column":8},"end":{"line":61,"column":25}},"type":"binary-expr","locations":[{"start":{"line":61,"column":8},"end":{"line":61,"column":13}},{"start":{"line":61,"column":17},"end":{"line":61,"column":25}}],"line":61},"2":{"loc":{"start":{"line":100,"column":4},"end":{"line":111,"column":5}},"type":"if","locations":[{"start":{"line":100,"column":4},"end":{"line":111,"column":5}},{"start":{"line":103,"column":11},"end":{"line":111,"column":5}}],"line":100}},"s":{"0":1,"1":4,"2":4,"3":4,"4":4,"5":0,"6":0,"7":0,"8":0,"9":0,"10":0,"11":0,"12":0,"13":4,"14":2,"15":2,"16":0,"17":0,"18":2,"19":4,"20":2,"21":4,"22":1,"23":1,"24":0},"f":{"0":4,"1":0,"2":0,"3":0,"4":2,"5":2,"6":1,"7":1,"8":0},"b":{"0":[0,0],"1":[0,0],"2":[0,2]},"_coverageSchema":"1a1c01bbd47fc00a2c39e90264f33305004495a9","hash":"d8cfd8860a6a871b5f16555abc4c8446e614e2ba"}
,"F:\\waiter-app\\New waiter code\\galaxy-rest-waiter-app\\Screens\\ReservationsForm.js": {"path":"F:\\waiter-app\\New waiter code\\galaxy-rest-waiter-app\\Screens\\ReservationsForm.js","statementMap":{"0":{"start":{"line":13,"column":32},"end":{"line":13,"column":44}},"1":{"start":{"line":14,"column":34},"end":{"line":14,"column":46}},"2":{"start":{"line":15,"column":26},"end":{"line":15,"column":46}},"3":{"start":{"line":16,"column":36},"end":{"line":16,"column":56}},"4":{"start":{"line":17,"column":32},"end":{"line":17,"column":52}},"5":{"start":{"line":18,"column":44},"end":{"line":18,"column":56}},"6":{"start":{"line":19,"column":28},"end":{"line":19,"column":40}},"7":{"start":{"line":20,"column":60},"end":{"line":20,"column":72}},"8":{"start":{"line":21,"column":57},"end":{"line":21,"column":72}},"9":{"start":{"line":23,"column":4},"end":{"line":23,"column":19}},"10":{"start":{"line":24,"column":63},"end":{"line":24,"column":78}},"11":{"start":{"line":25,"column":28},"end":{"line":25,"column":46}},"12":{"start":{"line":27,"column":22},"end":{"line":38,"column":8}},"13":{"start":{"line":28,"column":4},"end":{"line":38,"column":8}},"14":{"start":{"line":34,"column":8},"end":{"line":34,"column":23}},"15":{"start":{"line":37,"column":8},"end":{"line":37,"column":23}},"16":{"start":{"line":40,"column":20},"end":{"line":49,"column":3}},"17":{"start":{"line":41,"column":4},"end":{"line":41,"column":19}},"18":{"start":{"line":42,"column":4},"end":{"line":42,"column":16}},"19":{"start":{"line":43,"column":4},"end":{"line":43,"column":16}},"20":{"start":{"line":44,"column":4},"end":{"line":44,"column":21}},"21":{"start":{"line":45,"column":4},"end":{"line":45,"column":19}},"22":{"start":{"line":46,"column":4},"end":{"line":46,"column":25}},"23":{"start":{"line":47,"column":4},"end":{"line":47,"column":17}},"24":{"start":{"line":48,"column":4},"end":{"line":48,"column":33}},"25":{"start":{"line":51,"column":25},"end":{"line":53,"column":3}},"26":{"start":{"line":52,"column":4},"end":{"line":52,"column":34}},"27":{"start":{"line":55,"column":25},"end":{"line":57,"column":3}},"28":{"start":{"line":56,"column":4},"end":{"line":56,"column":35}},"29":{"start":{"line":59,"column":28},"end":{"line":62,"column":3}},"30":{"start":{"line":60,"column":4},"end":{"line":60,"column":18}},"31":{"start":{"line":61,"column":4},"end":{"line":61,"column":21}},"32":{"start":{"line":64,"column":30},"end":{"line":66,"column":3}},"33":{"start":{"line":65,"column":4},"end":{"line":65,"column":39}},"34":{"start":{"line":68,"column":30},"end":{"line":70,"column":3}},"35":{"start":{"line":69,"column":4},"end":{"line":69,"column":40}},"36":{"start":{"line":72,"column":33},"end":{"line":75,"column":3}},"37":{"start":{"line":73,"column":4},"end":{"line":73,"column":28}},"38":{"start":{"line":74,"column":4},"end":{"line":74,"column":26}},"39":{"start":{"line":77,"column":28},"end":{"line":79,"column":3}},"40":{"start":{"line":78,"column":4},"end":{"line":78,"column":37}},"41":{"start":{"line":81,"column":28},"end":{"line":83,"column":3}},"42":{"start":{"line":82,"column":4},"end":{"line":82,"column":38}},"43":{"start":{"line":85,"column":31},"end":{"line":88,"column":3}},"44":{"start":{"line":86,"column":4},"end":{"line":86,"column":24}},"45":{"start":{"line":87,"column":4},"end":{"line":87,"column":24}},"46":{"start":{"line":90,"column":28},"end":{"line":143,"column":3}},"47":{"start":{"line":91,"column":17},"end":{"line":100,"column":5}},"48":{"start":{"line":101,"column":4},"end":{"line":142,"column":5}},"49":{"start":{"line":102,"column":6},"end":{"line":133,"column":11}},"50":{"start":{"line":118,"column":23},"end":{"line":118,"column":33}},"51":{"start":{"line":120,"column":10},"end":{"line":120,"column":28}},"52":{"start":{"line":121,"column":10},"end":{"line":121,"column":63}},"53":{"start":{"line":122,"column":10},"end":{"line":128,"column":13}},"54":{"start":{"line":129,"column":10},"end":{"line":129,"column":51}},"55":{"start":{"line":132,"column":10},"end":{"line":132,"column":46}},"56":{"start":{"line":135,"column":6},"end":{"line":141,"column":9}},"57":{"start":{"line":144,"column":2},"end":{"line":288,"column":4}},"58":{"start":{"line":159,"column":10},"end":{"line":284,"column":17}},"59":{"start":{"line":168,"column":40},"end":{"line":168,"column":53}},"60":{"start":{"line":182,"column":40},"end":{"line":182,"column":62}},"61":{"start":{"line":195,"column":40},"end":{"line":195,"column":70}},"62":{"start":{"line":213,"column":39},"end":{"line":213,"column":53}},"63":{"start":{"line":230,"column":39},"end":{"line":230,"column":58}},"64":{"start":{"line":245,"column":39},"end":{"line":245,"column":56}},"65":{"start":{"line":256,"column":40},"end":{"line":256,"column":56}},"66":{"start":{"line":272,"column":40},"end":{"line":272,"column":54}},"67":{"start":{"line":291,"column":15},"end":{"line":331,"column":2}}},"fnMap":{"0":{"name":"ReservationsForm","decl":{"start":{"line":12,"column":24},"end":{"line":12,"column":40}},"loc":{"start":{"line":12,"column":78},"end":{"line":289,"column":1}},"line":12},"1":{"name":"(anonymous_1)","decl":{"start":{"line":27,"column":22},"end":{"line":27,"column":23}},"loc":{"start":{"line":28,"column":4},"end":{"line":38,"column":8}},"line":28},"2":{"name":"(anonymous_2)","decl":{"start":{"line":33,"column":12},"end":{"line":33,"column":13}},"loc":{"start":{"line":33,"column":26},"end":{"line":35,"column":7}},"line":33},"3":{"name":"(anonymous_3)","decl":{"start":{"line":36,"column":13},"end":{"line":36,"column":14}},"loc":{"start":{"line":36,"column":20},"end":{"line":38,"column":7}},"line":36},"4":{"name":"(anonymous_4)","decl":{"start":{"line":40,"column":20},"end":{"line":40,"column":21}},"loc":{"start":{"line":40,"column":26},"end":{"line":49,"column":3}},"line":40},"5":{"name":"(anonymous_5)","decl":{"start":{"line":51,"column":25},"end":{"line":51,"column":26}},"loc":{"start":{"line":51,"column":31},"end":{"line":53,"column":3}},"line":51},"6":{"name":"(anonymous_6)","decl":{"start":{"line":55,"column":25},"end":{"line":55,"column":26}},"loc":{"start":{"line":55,"column":31},"end":{"line":57,"column":3}},"line":55},"7":{"name":"(anonymous_7)","decl":{"start":{"line":59,"column":28},"end":{"line":59,"column":29}},"loc":{"start":{"line":59,"column":38},"end":{"line":62,"column":3}},"line":59},"8":{"name":"(anonymous_8)","decl":{"start":{"line":64,"column":30},"end":{"line":64,"column":31}},"loc":{"start":{"line":64,"column":36},"end":{"line":66,"column":3}},"line":64},"9":{"name":"(anonymous_9)","decl":{"start":{"line":68,"column":30},"end":{"line":68,"column":31}},"loc":{"start":{"line":68,"column":36},"end":{"line":70,"column":3}},"line":68},"10":{"name":"(anonymous_10)","decl":{"start":{"line":72,"column":33},"end":{"line":72,"column":34}},"loc":{"start":{"line":72,"column":48},"end":{"line":75,"column":3}},"line":72},"11":{"name":"(anonymous_11)","decl":{"start":{"line":77,"column":28},"end":{"line":77,"column":29}},"loc":{"start":{"line":77,"column":34},"end":{"line":79,"column":3}},"line":77},"12":{"name":"(anonymous_12)","decl":{"start":{"line":81,"column":28},"end":{"line":81,"column":29}},"loc":{"start":{"line":81,"column":34},"end":{"line":83,"column":3}},"line":81},"13":{"name":"(anonymous_13)","decl":{"start":{"line":85,"column":31},"end":{"line":85,"column":32}},"loc":{"start":{"line":85,"column":44},"end":{"line":88,"column":3}},"line":85},"14":{"name":"(anonymous_14)","decl":{"start":{"line":90,"column":28},"end":{"line":90,"column":29}},"loc":{"start":{"line":90,"column":34},"end":{"line":143,"column":3}},"line":90},"15":{"name":"(anonymous_15)","decl":{"start":{"line":118,"column":14},"end":{"line":118,"column":15}},"loc":{"start":{"line":118,"column":23},"end":{"line":118,"column":33}},"line":118},"16":{"name":"(anonymous_16)","decl":{"start":{"line":119,"column":14},"end":{"line":119,"column":15}},"loc":{"start":{"line":119,"column":24},"end":{"line":130,"column":9}},"line":119},"17":{"name":"(anonymous_17)","decl":{"start":{"line":131,"column":15},"end":{"line":131,"column":16}},"loc":{"start":{"line":131,"column":24},"end":{"line":133,"column":9}},"line":131},"18":{"name":"(anonymous_18)","decl":{"start":{"line":158,"column":9},"end":{"line":158,"column":10}},"loc":{"start":{"line":159,"column":10},"end":{"line":284,"column":17}},"line":159},"19":{"name":"(anonymous_19)","decl":{"start":{"line":168,"column":30},"end":{"line":168,"column":31}},"loc":{"start":{"line":168,"column":40},"end":{"line":168,"column":53}},"line":168},"20":{"name":"(anonymous_20)","decl":{"start":{"line":182,"column":30},"end":{"line":182,"column":31}},"loc":{"start":{"line":182,"column":40},"end":{"line":182,"column":62}},"line":182},"21":{"name":"(anonymous_21)","decl":{"start":{"line":195,"column":30},"end":{"line":195,"column":31}},"loc":{"start":{"line":195,"column":40},"end":{"line":195,"column":70}},"line":195},"22":{"name":"(anonymous_22)","decl":{"start":{"line":213,"column":28},"end":{"line":213,"column":29}},"loc":{"start":{"line":213,"column":39},"end":{"line":213,"column":53}},"line":213},"23":{"name":"(anonymous_23)","decl":{"start":{"line":230,"column":28},"end":{"line":230,"column":29}},"loc":{"start":{"line":230,"column":39},"end":{"line":230,"column":58}},"line":230},"24":{"name":"(anonymous_24)","decl":{"start":{"line":245,"column":28},"end":{"line":245,"column":29}},"loc":{"start":{"line":245,"column":39},"end":{"line":245,"column":56}},"line":245},"25":{"name":"(anonymous_25)","decl":{"start":{"line":256,"column":30},"end":{"line":256,"column":31}},"loc":{"start":{"line":256,"column":40},"end":{"line":256,"column":56}},"line":256},"26":{"name":"(anonymous_26)","decl":{"start":{"line":272,"column":30},"end":{"line":272,"column":31}},"loc":{"start":{"line":272,"column":40},"end":{"line":272,"column":54}},"line":272}},"branchMap":{"0":{"loc":{"start":{"line":101,"column":4},"end":{"line":142,"column":5}},"type":"if","locations":[{"start":{"line":101,"column":4},"end":{"line":142,"column":5}},{"start":{"line":134,"column":11},"end":{"line":142,"column":5}}],"line":101},"1":{"loc":{"start":{"line":101,"column":8},"end":{"line":101,"column":77}},"type":"binary-expr","locations":[{"start":{"line":101,"column":8},"end":{"line":101,"column":26}},{"start":{"line":101,"column":30},"end":{"line":101,"column":56}},{"start":{"line":101,"column":60},"end":{"line":101,"column":77}}],"line":101}},"s":{"0":7,"1":7,"2":7,"3":7,"4":7,"5":7,"6":7,"7":7,"8":7,"9":7,"10":7,"11":7,"12":7,"13":7,"14":0,"15":0,"16":7,"17":0,"18":0,"19":0,"20":0,"21":0,"22":0,"23":0,"24":0,"25":7,"26":0,"27":7,"28":0,"29":7,"30":0,"31":0,"32":7,"33":0,"34":7,"35":0,"36":7,"37":0,"38":0,"39":7,"40":0,"41":7,"42":0,"43":7,"44":0,"45":0,"46":7,"47":0,"48":0,"49":0,"50":0,"51":0,"52":0,"53":0,"54":0,"55":0,"56":0,"57":7,"58":7,"59":1,"60":1,"61":1,"62":0,"63":0,"64":0,"65":1,"66":1,"67":1},"f":{"0":7,"1":7,"2":0,"3":0,"4":0,"5":0,"6":0,"7":0,"8":0,"9":0,"10":0,"11":0,"12":0,"13":0,"14":0,"15":0,"16":0,"17":0,"18":7,"19":1,"20":1,"21":1,"22":0,"23":0,"24":0,"25":1,"26":1},"b":{"0":[0,0],"1":[0,0,0]},"_coverageSchema":"1a1c01bbd47fc00a2c39e90264f33305004495a9","hash":"ce46a1b49c3ae29a35c49b75adbd09eeaef18123"}
,"F:\\waiter-app\\New waiter code\\galaxy-rest-waiter-app\\shared\\Button.js": {"path":"F:\\waiter-app\\New waiter code\\galaxy-rest-waiter-app\\shared\\Button.js","statementMap":{"0":{"start":{"line":5,"column":22},"end":{"line":13,"column":1}},"1":{"start":{"line":6,"column":2},"end":{"line":12,"column":4}},"2":{"start":{"line":15,"column":24},"end":{"line":23,"column":1}},"3":{"start":{"line":16,"column":2},"end":{"line":22,"column":4}},"4":{"start":{"line":25,"column":14},"end":{"line":37,"column":2}}},"fnMap":{"0":{"name":"(anonymous_0)","decl":{"start":{"line":5,"column":22},"end":{"line":5,"column":23}},"loc":{"start":{"line":5,"column":57},"end":{"line":13,"column":1}},"line":5},"1":{"name":"(anonymous_1)","decl":{"start":{"line":5,"column":42},"end":{"line":5,"column":43}},"loc":{"start":{"line":5,"column":48},"end":{"line":5,"column":50}},"line":5},"2":{"name":"(anonymous_2)","decl":{"start":{"line":15,"column":24},"end":{"line":15,"column":25}},"loc":{"start":{"line":15,"column":59},"end":{"line":23,"column":1}},"line":15},"3":{"name":"(anonymous_3)","decl":{"start":{"line":15,"column":44},"end":{"line":15,"column":45}},"loc":{"start":{"line":15,"column":50},"end":{"line":15,"column":52}},"line":15}},"branchMap":{"0":{"loc":{"start":{"line":5,"column":32},"end":{"line":5,"column":50}},"type":"default-arg","locations":[{"start":{"line":5,"column":42},"end":{"line":5,"column":50}}],"line":5},"1":{"loc":{"start":{"line":15,"column":34},"end":{"line":15,"column":52}},"type":"default-arg","locations":[{"start":{"line":15,"column":44},"end":{"line":15,"column":52}}],"line":15}},"s":{"0":2,"1":11,"2":2,"3":0,"4":2},"f":{"0":11,"1":0,"2":0,"3":0},"b":{"0":[0],"1":[0]},"_coverageSchema":"1a1c01bbd47fc00a2c39e90264f33305004495a9","hash":"bf96759db7594413e5f9e8a3c3c2223a08c9077a"}
,"F:\\waiter-app\\New waiter code\\galaxy-rest-waiter-app\\shared\\Header.js": {"path":"F:\\waiter-app\\New waiter code\\galaxy-rest-waiter-app\\shared\\Header.js","statementMap":{"0":{"start":{"line":5,"column":15},"end":{"line":29,"column":1}},"1":{"start":{"line":6,"column":19},"end":{"line":8,"column":3}},"2":{"start":{"line":7,"column":4},"end":{"line":7,"column":28}},"3":{"start":{"line":9,"column":2},"end":{"line":28,"column":4}},"4":{"start":{"line":31,"column":15},"end":{"line":84,"column":2}}},"fnMap":{"0":{"name":"(anonymous_0)","decl":{"start":{"line":5,"column":15},"end":{"line":5,"column":16}},"loc":{"start":{"line":5,"column":42},"end":{"line":29,"column":1}},"line":5},"1":{"name":"(anonymous_1)","decl":{"start":{"line":6,"column":19},"end":{"line":6,"column":20}},"loc":{"start":{"line":6,"column":25},"end":{"line":8,"column":3}},"line":6}},"branchMap":{},"s":{"0":1,"1":1,"2":0,"3":1,"4":1},"f":{"0":1,"1":0},"b":{},"_coverageSchema":"1a1c01bbd47fc00a2c39e90264f33305004495a9","hash":"d574d6c08328834042704476b10a1a4b90d49ed3"}
,"F:\\waiter-app\\New waiter code\\galaxy-rest-waiter-app\\styles\\colors.js": {"path":"F:\\waiter-app\\New waiter code\\galaxy-rest-waiter-app\\styles\\colors.js","statementMap":{"0":{"start":{"line":1,"column":15},"end":{"line":8,"column":1}}},"fnMap":{},"branchMap":{},"s":{"0":2},"f":{},"b":{},"_coverageSchema":"1a1c01bbd47fc00a2c39e90264f33305004495a9","hash":"84391923d12ea37f337485cfb0e8f103353cbbdd"}
,"F:\\waiter-app\\New waiter code\\galaxy-rest-waiter-app\\styles\\global.js": {"path":"F:\\waiter-app\\New waiter code\\galaxy-rest-waiter-app\\styles\\global.js","statementMap":{"0":{"start":{"line":3,"column":28},"end":{"line":56,"column":2}}},"fnMap":{},"branchMap":{},"s":{"0":1},"f":{},"b":{},"_coverageSchema":"1a1c01bbd47fc00a2c39e90264f33305004495a9","hash":"de1220bc308aa16d43ee95cdcaffb1d5ff108ae8"}
}
