{"F:\\waiter-app\\New waiter code\\galaxy-rest-waiter-app\\assetsTransformer.js": {"path":"F:\\waiter-app\\New waiter code\\galaxy-rest-waiter-app\\assetsTransformer.js","statementMap":{"0":{"start":{"line":1,"column":13},"end":{"line":1,"column":28}},"1":{"start":{"line":3,"column":0},"end":{"line":7,"column":2}},"2":{"start":{"line":5,"column":4},"end":{"line":5,"column":79}}},"fnMap":{"0":{"name":"(anonymous_0)","decl":{"start":{"line":4,"column":2},"end":{"line":4,"column":3}},"loc":{"start":{"line":4,"column":42},"end":{"line":6,"column":3}},"line":4}},"branchMap":{},"s":{"0":3,"1":3,"2":0},"f":{"0":0},"b":{},"_coverageSchema":"1a1c01bbd47fc00a2c39e90264f33305004495a9","hash":"69abd5cdf875b1dd90fe4b96f26e38151c46e865"}
,"F:\\waiter-app\\New waiter code\\galaxy-rest-waiter-app\\Screens\\LoadingScreen.js": {"path":"F:\\waiter-app\\New waiter code\\galaxy-rest-waiter-app\\Screens\\LoadingScreen.js","statementMap":{"0":{"start":{"line":4,"column":22},"end":{"line":12,"column":1}},"1":{"start":{"line":5,"column":2},"end":{"line":11,"column":4}},"2":{"start":{"line":14,"column":15},"end":{"line":20,"column":2}}},"fnMap":{"0":{"name":"(anonymous_0)","decl":{"start":{"line":4,"column":22},"end":{"line":4,"column":23}},"loc":{"start":{"line":4,"column":33},"end":{"line":12,"column":1}},"line":4}},"branchMap":{},"s":{"0":1,"1":1,"2":1},"f":{"0":1},"b":{},"_coverageSchema":"1a1c01bbd47fc00a2c39e90264f33305004495a9","hash":"a841ed26d3b0ad0cdc33408d260916f3d8056f4e"}
,"F:\\waiter-app\\New waiter code\\galaxy-rest-waiter-app\\Screens\\LoginScreen.js": {"path":"F:\\waiter-app\\New waiter code\\galaxy-rest-waiter-app\\Screens\\LoginScreen.js","statementMap":{"0":{"start":{"line":18,"column":18},"end":{"line":18,"column":42}},"1":{"start":{"line":19,"column":18},"end":{"line":19,"column":28}},"2":{"start":{"line":21,"column":20},"end":{"line":194,"column":1}},"3":{"start":{"line":22,"column":28},"end":{"line":22,"column":40}},"4":{"start":{"line":23,"column":34},"end":{"line":23,"column":46}},"5":{"start":{"line":25,"column":17},"end":{"line":65,"column":4}},"6":{"start":{"line":66,"column":19},"end":{"line":114,"column":3}},"7":{"start":{"line":67,"column":4},"end":{"line":113,"column":5}},"8":{"start":{"line":68,"column":6},"end":{"line":103,"column":11}},"9":{"start":{"line":78,"column":23},"end":{"line":78,"column":33}},"10":{"start":{"line":81,"column":10},"end":{"line":92,"column":11}},"11":{"start":{"line":82,"column":12},"end":{"line":82,"column":60}},"12":{"start":{"line":83,"column":12},"end":{"line":83,"column":46}},"13":{"start":{"line":85,"column":12},"end":{"line":91,"column":15}},"14":{"start":{"line":95,"column":10},"end":{"line":95,"column":31}},"15":{"start":{"line":96,"column":10},"end":{"line":102,"column":13}},"16":{"start":{"line":105,"column":6},"end":{"line":105,"column":51}},"17":{"start":{"line":106,"column":6},"end":{"line":112,"column":9}},"18":{"start":{"line":115,"column":22},"end":{"line":123,"column":3}},"19":{"start":{"line":116,"column":18},"end":{"line":116,"column":53}},"20":{"start":{"line":117,"column":4},"end":{"line":122,"column":5}},"21":{"start":{"line":118,"column":6},"end":{"line":118,"column":29}},"22":{"start":{"line":119,"column":6},"end":{"line":119,"column":40}},"23":{"start":{"line":121,"column":6},"end":{"line":121,"column":28}},"24":{"start":{"line":124,"column":2},"end":{"line":126,"column":9}},"25":{"start":{"line":125,"column":4},"end":{"line":125,"column":18}},"26":{"start":{"line":127,"column":2},"end":{"line":193,"column":4}},"27":{"start":{"line":164,"column":42},"end":{"line":164,"column":56}},"28":{"start":{"line":176,"column":20},"end":{"line":176,"column":38}},"29":{"start":{"line":189,"column":25},"end":{"line":189,"column":40}}},"fnMap":{"0":{"name":"(anonymous_0)","decl":{"start":{"line":21,"column":20},"end":{"line":21,"column":21}},"loc":{"start":{"line":21,"column":31},"end":{"line":194,"column":1}},"line":21},"1":{"name":"(anonymous_1)","decl":{"start":{"line":66,"column":19},"end":{"line":66,"column":20}},"loc":{"start":{"line":66,"column":36},"end":{"line":114,"column":3}},"line":66},"2":{"name":"(anonymous_2)","decl":{"start":{"line":78,"column":14},"end":{"line":78,"column":15}},"loc":{"start":{"line":78,"column":23},"end":{"line":78,"column":33}},"line":78},"3":{"name":"(anonymous_3)","decl":{"start":{"line":80,"column":14},"end":{"line":80,"column":15}},"loc":{"start":{"line":80,"column":30},"end":{"line":93,"column":9}},"line":80},"4":{"name":"(anonymous_4)","decl":{"start":{"line":94,"column":15},"end":{"line":94,"column":16}},"loc":{"start":{"line":94,"column":24},"end":{"line":103,"column":9}},"line":94},"5":{"name":"(anonymous_5)","decl":{"start":{"line":115,"column":22},"end":{"line":115,"column":23}},"loc":{"start":{"line":115,"column":34},"end":{"line":123,"column":3}},"line":115},"6":{"name":"(anonymous_6)","decl":{"start":{"line":124,"column":12},"end":{"line":124,"column":13}},"loc":{"start":{"line":124,"column":18},"end":{"line":126,"column":3}},"line":124},"7":{"name":"(anonymous_7)","decl":{"start":{"line":164,"column":32},"end":{"line":164,"column":33}},"loc":{"start":{"line":164,"column":42},"end":{"line":164,"column":56}},"line":164},"8":{"name":"(anonymous_8)","decl":{"start":{"line":175,"column":32},"end":{"line":175,"column":33}},"loc":{"start":{"line":175,"column":42},"end":{"line":177,"column":19}},"line":175},"9":{"name":"(anonymous_9)","decl":{"start":{"line":189,"column":19},"end":{"line":189,"column":20}},"loc":{"start":{"line":189,"column":25},"end":{"line":189,"column":40}},"line":189}},"branchMap":{"0":{"loc":{"start":{"line":67,"column":4},"end":{"line":113,"column":5}},"type":"if","locations":[{"start":{"line":67,"column":4},"end":{"line":113,"column":5}},{"start":{"line":104,"column":11},"end":{"line":113,"column":5}}],"line":67},"1":{"loc":{"start":{"line":67,"column":8},"end":{"line":67,"column":25}},"type":"binary-expr","locations":[{"start":{"line":67,"column":8},"end":{"line":67,"column":13}},{"start":{"line":67,"column":17},"end":{"line":67,"column":25}}],"line":67},"2":{"loc":{"start":{"line":117,"column":4},"end":{"line":122,"column":5}},"type":"if","locations":[{"start":{"line":117,"column":4},"end":{"line":122,"column":5}},{"start":{"line":120,"column":11},"end":{"line":122,"column":5}}],"line":117}},"s":{"0":1,"1":1,"2":1,"3":4,"4":4,"5":4,"6":4,"7":0,"8":0,"9":0,"10":0,"11":0,"12":0,"13":0,"14":0,"15":0,"16":0,"17":0,"18":4,"19":2,"20":2,"21":0,"22":0,"23":2,"24":4,"25":2,"26":4,"27":1,"28":1,"29":0},"f":{"0":4,"1":0,"2":0,"3":0,"4":0,"5":2,"6":2,"7":1,"8":1,"9":0},"b":{"0":[0,0],"1":[0,0],"2":[0,2]},"_coverageSchema":"1a1c01bbd47fc00a2c39e90264f33305004495a9","hash":"8aa415b638026829954eb1d18db678ede85ae85e"}
,"F:\\waiter-app\\New waiter code\\galaxy-rest-waiter-app\\Screens\\ReservationsForm.js": {"path":"F:\\waiter-app\\New waiter code\\galaxy-rest-waiter-app\\Screens\\ReservationsForm.js","statementMap":{"0":{"start":{"line":17,"column":18},"end":{"line":17,"column":42}},"1":{"start":{"line":18,"column":19},"end":{"line":18,"column":29}},"2":{"start":{"line":26,"column":34},"end":{"line":26,"column":46}},"3":{"start":{"line":27,"column":26},"end":{"line":27,"column":46}},"4":{"start":{"line":28,"column":36},"end":{"line":28,"column":56}},"5":{"start":{"line":29,"column":32},"end":{"line":29,"column":52}},"6":{"start":{"line":30,"column":44},"end":{"line":30,"column":56}},"7":{"start":{"line":31,"column":28},"end":{"line":31,"column":40}},"8":{"start":{"line":32,"column":60},"end":{"line":32,"column":72}},"9":{"start":{"line":33,"column":57},"end":{"line":33,"column":72}},"10":{"start":{"line":35,"column":4},"end":{"line":35,"column":19}},"11":{"start":{"line":36,"column":63},"end":{"line":36,"column":78}},"12":{"start":{"line":38,"column":25},"end":{"line":40,"column":3}},"13":{"start":{"line":39,"column":4},"end":{"line":39,"column":34}},"14":{"start":{"line":42,"column":25},"end":{"line":44,"column":3}},"15":{"start":{"line":43,"column":4},"end":{"line":43,"column":35}},"16":{"start":{"line":46,"column":28},"end":{"line":49,"column":3}},"17":{"start":{"line":47,"column":4},"end":{"line":47,"column":18}},"18":{"start":{"line":48,"column":4},"end":{"line":48,"column":21}},"19":{"start":{"line":51,"column":30},"end":{"line":53,"column":3}},"20":{"start":{"line":52,"column":4},"end":{"line":52,"column":39}},"21":{"start":{"line":55,"column":30},"end":{"line":57,"column":3}},"22":{"start":{"line":56,"column":4},"end":{"line":56,"column":40}},"23":{"start":{"line":59,"column":33},"end":{"line":62,"column":3}},"24":{"start":{"line":60,"column":4},"end":{"line":60,"column":28}},"25":{"start":{"line":61,"column":4},"end":{"line":61,"column":26}},"26":{"start":{"line":64,"column":28},"end":{"line":66,"column":3}},"27":{"start":{"line":65,"column":4},"end":{"line":65,"column":37}},"28":{"start":{"line":68,"column":28},"end":{"line":70,"column":3}},"29":{"start":{"line":69,"column":4},"end":{"line":69,"column":38}},"30":{"start":{"line":72,"column":31},"end":{"line":75,"column":3}},"31":{"start":{"line":73,"column":4},"end":{"line":73,"column":24}},"32":{"start":{"line":74,"column":4},"end":{"line":74,"column":24}},"33":{"start":{"line":77,"column":28},"end":{"line":147,"column":3}},"34":{"start":{"line":78,"column":17},"end":{"line":87,"column":5}},"35":{"start":{"line":88,"column":4},"end":{"line":146,"column":5}},"36":{"start":{"line":98,"column":6},"end":{"line":136,"column":11}},"37":{"start":{"line":114,"column":23},"end":{"line":114,"column":33}},"38":{"start":{"line":116,"column":10},"end":{"line":116,"column":25}},"39":{"start":{"line":117,"column":10},"end":{"line":117,"column":28}},"40":{"start":{"line":118,"column":10},"end":{"line":124,"column":13}},"41":{"start":{"line":127,"column":10},"end":{"line":133,"column":13}},"42":{"start":{"line":134,"column":10},"end":{"line":134,"column":46}},"43":{"start":{"line":135,"column":10},"end":{"line":135,"column":25}},"44":{"start":{"line":138,"column":6},"end":{"line":138,"column":21}},"45":{"start":{"line":139,"column":6},"end":{"line":145,"column":9}},"46":{"start":{"line":148,"column":2},"end":{"line":278,"column":4}},"47":{"start":{"line":163,"column":10},"end":{"line":274,"column":17}},"48":{"start":{"line":172,"column":40},"end":{"line":172,"column":53}},"49":{"start":{"line":186,"column":40},"end":{"line":186,"column":62}},"50":{"start":{"line":199,"column":40},"end":{"line":199,"column":70}},"51":{"start":{"line":217,"column":39},"end":{"line":217,"column":53}},"52":{"start":{"line":234,"column":39},"end":{"line":234,"column":58}},"53":{"start":{"line":249,"column":39},"end":{"line":249,"column":56}},"54":{"start":{"line":262,"column":40},"end":{"line":262,"column":54}},"55":{"start":{"line":281,"column":15},"end":{"line":320,"column":2}}},"fnMap":{"0":{"name":"ReservationsForm","decl":{"start":{"line":20,"column":24},"end":{"line":20,"column":40}},"loc":{"start":{"line":25,"column":3},"end":{"line":279,"column":1}},"line":25},"1":{"name":"(anonymous_1)","decl":{"start":{"line":38,"column":25},"end":{"line":38,"column":26}},"loc":{"start":{"line":38,"column":31},"end":{"line":40,"column":3}},"line":38},"2":{"name":"(anonymous_2)","decl":{"start":{"line":42,"column":25},"end":{"line":42,"column":26}},"loc":{"start":{"line":42,"column":31},"end":{"line":44,"column":3}},"line":42},"3":{"name":"(anonymous_3)","decl":{"start":{"line":46,"column":28},"end":{"line":46,"column":29}},"loc":{"start":{"line":46,"column":38},"end":{"line":49,"column":3}},"line":46},"4":{"name":"(anonymous_4)","decl":{"start":{"line":51,"column":30},"end":{"line":51,"column":31}},"loc":{"start":{"line":51,"column":36},"end":{"line":53,"column":3}},"line":51},"5":{"name":"(anonymous_5)","decl":{"start":{"line":55,"column":30},"end":{"line":55,"column":31}},"loc":{"start":{"line":55,"column":36},"end":{"line":57,"column":3}},"line":55},"6":{"name":"(anonymous_6)","decl":{"start":{"line":59,"column":33},"end":{"line":59,"column":34}},"loc":{"start":{"line":59,"column":48},"end":{"line":62,"column":3}},"line":59},"7":{"name":"(anonymous_7)","decl":{"start":{"line":64,"column":28},"end":{"line":64,"column":29}},"loc":{"start":{"line":64,"column":34},"end":{"line":66,"column":3}},"line":64},"8":{"name":"(anonymous_8)","decl":{"start":{"line":68,"column":28},"end":{"line":68,"column":29}},"loc":{"start":{"line":68,"column":34},"end":{"line":70,"column":3}},"line":68},"9":{"name":"(anonymous_9)","decl":{"start":{"line":72,"column":31},"end":{"line":72,"column":32}},"loc":{"start":{"line":72,"column":44},"end":{"line":75,"column":3}},"line":72},"10":{"name":"(anonymous_10)","decl":{"start":{"line":77,"column":28},"end":{"line":77,"column":29}},"loc":{"start":{"line":77,"column":34},"end":{"line":147,"column":3}},"line":77},"11":{"name":"(anonymous_11)","decl":{"start":{"line":114,"column":14},"end":{"line":114,"column":15}},"loc":{"start":{"line":114,"column":23},"end":{"line":114,"column":33}},"line":114},"12":{"name":"(anonymous_12)","decl":{"start":{"line":115,"column":14},"end":{"line":115,"column":15}},"loc":{"start":{"line":115,"column":24},"end":{"line":125,"column":9}},"line":115},"13":{"name":"(anonymous_13)","decl":{"start":{"line":126,"column":15},"end":{"line":126,"column":16}},"loc":{"start":{"line":126,"column":24},"end":{"line":136,"column":9}},"line":126},"14":{"name":"(anonymous_14)","decl":{"start":{"line":162,"column":9},"end":{"line":162,"column":10}},"loc":{"start":{"line":163,"column":10},"end":{"line":274,"column":17}},"line":163},"15":{"name":"(anonymous_15)","decl":{"start":{"line":172,"column":30},"end":{"line":172,"column":31}},"loc":{"start":{"line":172,"column":40},"end":{"line":172,"column":53}},"line":172},"16":{"name":"(anonymous_16)","decl":{"start":{"line":186,"column":30},"end":{"line":186,"column":31}},"loc":{"start":{"line":186,"column":40},"end":{"line":186,"column":62}},"line":186},"17":{"name":"(anonymous_17)","decl":{"start":{"line":199,"column":30},"end":{"line":199,"column":31}},"loc":{"start":{"line":199,"column":40},"end":{"line":199,"column":70}},"line":199},"18":{"name":"(anonymous_18)","decl":{"start":{"line":217,"column":28},"end":{"line":217,"column":29}},"loc":{"start":{"line":217,"column":39},"end":{"line":217,"column":53}},"line":217},"19":{"name":"(anonymous_19)","decl":{"start":{"line":234,"column":28},"end":{"line":234,"column":29}},"loc":{"start":{"line":234,"column":39},"end":{"line":234,"column":58}},"line":234},"20":{"name":"(anonymous_20)","decl":{"start":{"line":249,"column":28},"end":{"line":249,"column":29}},"loc":{"start":{"line":249,"column":39},"end":{"line":249,"column":56}},"line":249},"21":{"name":"(anonymous_21)","decl":{"start":{"line":262,"column":30},"end":{"line":262,"column":31}},"loc":{"start":{"line":262,"column":40},"end":{"line":262,"column":54}},"line":262}},"branchMap":{"0":{"loc":{"start":{"line":88,"column":4},"end":{"line":146,"column":5}},"type":"if","locations":[{"start":{"line":88,"column":4},"end":{"line":146,"column":5}},{"start":{"line":137,"column":11},"end":{"line":146,"column":5}}],"line":88},"1":{"loc":{"start":{"line":89,"column":6},"end":{"line":96,"column":16}},"type":"binary-expr","locations":[{"start":{"line":89,"column":6},"end":{"line":89,"column":16}},{"start":{"line":90,"column":6},"end":{"line":90,"column":24}},{"start":{"line":91,"column":6},"end":{"line":91,"column":32}},{"start":{"line":92,"column":6},"end":{"line":92,"column":23}},{"start":{"line":93,"column":6},"end":{"line":93,"column":15}},{"start":{"line":94,"column":6},"end":{"line":94,"column":20}},{"start":{"line":95,"column":6},"end":{"line":95,"column":18}},{"start":{"line":96,"column":6},"end":{"line":96,"column":16}}],"line":89}},"s":{"0":1,"1":1,"2":6,"3":6,"4":6,"5":6,"6":6,"7":6,"8":6,"9":6,"10":6,"11":6,"12":6,"13":0,"14":6,"15":0,"16":6,"17":0,"18":0,"19":6,"20":0,"21":6,"22":0,"23":6,"24":0,"25":0,"26":6,"27":0,"28":6,"29":0,"30":6,"31":0,"32":0,"33":6,"34":0,"35":0,"36":0,"37":0,"38":0,"39":0,"40":0,"41":0,"42":0,"43":0,"44":0,"45":0,"46":6,"47":6,"48":1,"49":1,"50":1,"51":0,"52":0,"53":0,"54":1,"55":1},"f":{"0":6,"1":0,"2":0,"3":0,"4":0,"5":0,"6":0,"7":0,"8":0,"9":0,"10":0,"11":0,"12":0,"13":0,"14":6,"15":1,"16":1,"17":1,"18":0,"19":0,"20":0,"21":1},"b":{"0":[0,0],"1":[0,0,0,0,0,0,0,0]},"_coverageSchema":"1a1c01bbd47fc00a2c39e90264f33305004495a9","hash":"2201d6ac05b1f051e0101f466211c31ff86cd52e"}
,"F:\\waiter-app\\New waiter code\\galaxy-rest-waiter-app\\shared\\Button.js": {"path":"F:\\waiter-app\\New waiter code\\galaxy-rest-waiter-app\\shared\\Button.js","statementMap":{"0":{"start":{"line":5,"column":22},"end":{"line":13,"column":1}},"1":{"start":{"line":6,"column":2},"end":{"line":12,"column":4}},"2":{"start":{"line":15,"column":29},"end":{"line":23,"column":1}},"3":{"start":{"line":16,"column":2},"end":{"line":22,"column":4}},"4":{"start":{"line":25,"column":24},"end":{"line":33,"column":1}},"5":{"start":{"line":26,"column":2},"end":{"line":32,"column":4}},"6":{"start":{"line":35,"column":26},"end":{"line":43,"column":1}},"7":{"start":{"line":36,"column":2},"end":{"line":42,"column":4}},"8":{"start":{"line":45,"column":14},"end":{"line":67,"column":2}}},"fnMap":{"0":{"name":"(anonymous_0)","decl":{"start":{"line":5,"column":22},"end":{"line":5,"column":23}},"loc":{"start":{"line":5,"column":57},"end":{"line":13,"column":1}},"line":5},"1":{"name":"(anonymous_1)","decl":{"start":{"line":5,"column":42},"end":{"line":5,"column":43}},"loc":{"start":{"line":5,"column":48},"end":{"line":5,"column":50}},"line":5},"2":{"name":"(anonymous_2)","decl":{"start":{"line":15,"column":29},"end":{"line":15,"column":30}},"loc":{"start":{"line":15,"column":64},"end":{"line":23,"column":1}},"line":15},"3":{"name":"(anonymous_3)","decl":{"start":{"line":15,"column":49},"end":{"line":15,"column":50}},"loc":{"start":{"line":15,"column":55},"end":{"line":15,"column":57}},"line":15},"4":{"name":"(anonymous_4)","decl":{"start":{"line":25,"column":24},"end":{"line":25,"column":25}},"loc":{"start":{"line":25,"column":59},"end":{"line":33,"column":1}},"line":25},"5":{"name":"(anonymous_5)","decl":{"start":{"line":25,"column":44},"end":{"line":25,"column":45}},"loc":{"start":{"line":25,"column":50},"end":{"line":25,"column":52}},"line":25},"6":{"name":"(anonymous_6)","decl":{"start":{"line":35,"column":26},"end":{"line":35,"column":27}},"loc":{"start":{"line":35,"column":61},"end":{"line":43,"column":1}},"line":35},"7":{"name":"(anonymous_7)","decl":{"start":{"line":35,"column":46},"end":{"line":35,"column":47}},"loc":{"start":{"line":35,"column":52},"end":{"line":35,"column":54}},"line":35}},"branchMap":{"0":{"loc":{"start":{"line":5,"column":32},"end":{"line":5,"column":50}},"type":"default-arg","locations":[{"start":{"line":5,"column":42},"end":{"line":5,"column":50}}],"line":5},"1":{"loc":{"start":{"line":15,"column":39},"end":{"line":15,"column":57}},"type":"default-arg","locations":[{"start":{"line":15,"column":49},"end":{"line":15,"column":57}}],"line":15},"2":{"loc":{"start":{"line":25,"column":34},"end":{"line":25,"column":52}},"type":"default-arg","locations":[{"start":{"line":25,"column":44},"end":{"line":25,"column":52}}],"line":25},"3":{"loc":{"start":{"line":35,"column":36},"end":{"line":35,"column":54}},"type":"default-arg","locations":[{"start":{"line":35,"column":46},"end":{"line":35,"column":54}}],"line":35}},"s":{"0":2,"1":10,"2":2,"3":0,"4":2,"5":0,"6":2,"7":0,"8":2},"f":{"0":10,"1":0,"2":0,"3":0,"4":0,"5":0,"6":0,"7":0},"b":{"0":[0],"1":[0],"2":[0],"3":[0]},"_coverageSchema":"1a1c01bbd47fc00a2c39e90264f33305004495a9","hash":"546fa41ae0605c5d18f6774b9b12ad428d091005"}
,"F:\\waiter-app\\New waiter code\\galaxy-rest-waiter-app\\shared\\Header.js": {"path":"F:\\waiter-app\\New waiter code\\galaxy-rest-waiter-app\\shared\\Header.js","statementMap":{"0":{"start":{"line":5,"column":15},"end":{"line":29,"column":1}},"1":{"start":{"line":6,"column":19},"end":{"line":8,"column":3}},"2":{"start":{"line":7,"column":4},"end":{"line":7,"column":28}},"3":{"start":{"line":9,"column":2},"end":{"line":28,"column":4}},"4":{"start":{"line":31,"column":15},"end":{"line":83,"column":2}}},"fnMap":{"0":{"name":"(anonymous_0)","decl":{"start":{"line":5,"column":15},"end":{"line":5,"column":16}},"loc":{"start":{"line":5,"column":42},"end":{"line":29,"column":1}},"line":5},"1":{"name":"(anonymous_1)","decl":{"start":{"line":6,"column":19},"end":{"line":6,"column":20}},"loc":{"start":{"line":6,"column":25},"end":{"line":8,"column":3}},"line":6}},"branchMap":{},"s":{"0":1,"1":1,"2":0,"3":1,"4":1},"f":{"0":1,"1":0},"b":{},"_coverageSchema":"1a1c01bbd47fc00a2c39e90264f33305004495a9","hash":"0baf2718df4ffa891b43118c96c6a000138dc055"}
,"F:\\waiter-app\\New waiter code\\galaxy-rest-waiter-app\\styles\\colors.js": {"path":"F:\\waiter-app\\New waiter code\\galaxy-rest-waiter-app\\styles\\colors.js","statementMap":{"0":{"start":{"line":1,"column":15},"end":{"line":12,"column":1}}},"fnMap":{},"branchMap":{},"s":{"0":2},"f":{},"b":{},"_coverageSchema":"1a1c01bbd47fc00a2c39e90264f33305004495a9","hash":"b422085c7b5e3e20efd1feb72026b7366988d5dd"}
,"F:\\waiter-app\\New waiter code\\galaxy-rest-waiter-app\\styles\\global.js": {"path":"F:\\waiter-app\\New waiter code\\galaxy-rest-waiter-app\\styles\\global.js","statementMap":{"0":{"start":{"line":3,"column":28},"end":{"line":56,"column":2}}},"fnMap":{},"branchMap":{},"s":{"0":1},"f":{},"b":{},"_coverageSchema":"1a1c01bbd47fc00a2c39e90264f33305004495a9","hash":"de1220bc308aa16d43ee95cdcaffb1d5ff108ae8"}
}
