TN:
SF:assetsTransformer.js
FN:4,(anonymous_0)
FNF:1
FNH:0
FNDA:0,(anonymous_0)
DA:1,8
DA:3,8
DA:5,0
LF:3
LH:2
BRF:0
BRH:0
end_of_record
TN:
SF:Screens\Cart.js
FN:28,(anonymous_0)
FN:30,(anonymous_1)
FN:32,(anonymous_2)
FN:34,(anonymous_3)
FN:40,(anonymous_4)
FN:42,(anonymous_5)
FN:52,(anonymous_6)
FN:57,(anonymous_7)
FN:62,(anonymous_8)
FN:73,(anonymous_9)
FN:84,(anonymous_10)
FN:128,(anonymous_11)
FN:174,(anonymous_12)
FN:239,(anonymous_13)
FN:248,(anonymous_14)
FN:260,(anonymous_15)
FN:270,(anonymous_16)
FN:287,(anonymous_17)
FN:312,(anonymous_18)
FN:325,(anonymous_19)
FNF:20
FNH:2
FNDA:1,(anonymous_0)
FNDA:1,(anonymous_1)
FNDA:0,(anonymous_2)
FNDA:0,(anonymous_3)
FNDA:0,(anonymous_4)
FNDA:0,(anonymous_5)
FNDA:0,(anonymous_6)
FNDA:0,(anonymous_7)
FNDA:0,(anonymous_8)
FNDA:0,(anonymous_9)
FNDA:0,(anonymous_10)
FNDA:0,(anonymous_11)
FNDA:0,(anonymous_12)
FNDA:0,(anonymous_13)
FNDA:0,(anonymous_14)
FNDA:0,(anonymous_15)
FNDA:0,(anonymous_16)
FNDA:0,(anonymous_17)
FNDA:0,(anonymous_18)
FNDA:0,(anonymous_19)
DA:25,1
DA:26,1
DA:28,1
DA:29,1
DA:30,1
DA:32,0
DA:33,0
DA:34,0
DA:35,0
DA:37,0
DA:40,0
DA:41,0
DA:42,0
DA:43,0
DA:45,0
DA:48,0
DA:49,0
DA:50,0
DA:52,0
DA:53,0
DA:54,0
DA:55,0
DA:57,0
DA:58,0
DA:63,0
DA:70,0
DA:71,0
DA:74,0
DA:75,0
DA:76,0
DA:85,0
DA:86,0
DA:95,0
DA:105,0
DA:129,0
DA:174,0
DA:240,0
DA:248,0
DA:260,0
DA:270,0
DA:287,0
DA:312,0
DA:325,0
DA:347,1
LF:44
LH:6
BRDA:70,0,0,0
BRDA:70,0,1,0
BRDA:117,1,0,0
BRDA:117,1,1,0
BRDA:339,2,0,0
BRDA:339,2,1,0
BRF:6
BRH:0
end_of_record
TN:
SF:Screens\DetailsScreen.js
FN:11,(anonymous_0)
FN:16,(anonymous_1)
FN:28,(anonymous_2)
FN:32,(anonymous_3)
FNF:4
FNH:0
FNDA:0,(anonymous_0)
FNDA:0,(anonymous_1)
FNDA:0,(anonymous_2)
FNDA:0,(anonymous_3)
DA:11,1
DA:12,0
DA:13,0
DA:15,0
DA:16,0
DA:17,0
DA:18,0
DA:19,0
DA:28,0
DA:29,0
DA:32,0
DA:33,0
DA:34,0
DA:38,0
DA:115,1
LF:15
LH:2
BRDA:33,0,0,0
BRDA:33,0,1,0
BRDA:106,1,0,0
BRDA:106,1,1,0
BRF:4
BRH:0
end_of_record
TN:
SF:Screens\Home.js
FN:21,Home
FN:33,(anonymous_1)
FN:37,(anonymous_2)
FN:58,(anonymous_3)
FN:61,(anonymous_4)
FN:65,(anonymous_5)
FN:86,(anonymous_6)
FN:91,(anonymous_7)
FN:94,(anonymous_8)
FN:151,(anonymous_9)
FN:156,(anonymous_10)
FN:159,(anonymous_11)
FN:163,(anonymous_12)
FN:168,(anonymous_13)
FN:171,(anonymous_14)
FN:175,(anonymous_15)
FN:182,(anonymous_16)
FN:186,(anonymous_17)
FN:229,(anonymous_18)
FN:237,(anonymous_19)
FN:286,(anonymous_20)
FN:287,(anonymous_21)
FN:309,(anonymous_22)
FN:314,(anonymous_23)
FN:359,(anonymous_24)
FN:376,(anonymous_25)
FN:389,(anonymous_26)
FN:390,(anonymous_27)
FNF:28
FNH:0
FNDA:0,Home
FNDA:0,(anonymous_1)
FNDA:0,(anonymous_2)
FNDA:0,(anonymous_3)
FNDA:0,(anonymous_4)
FNDA:0,(anonymous_5)
FNDA:0,(anonymous_6)
FNDA:0,(anonymous_7)
FNDA:0,(anonymous_8)
FNDA:0,(anonymous_9)
FNDA:0,(anonymous_10)
FNDA:0,(anonymous_11)
FNDA:0,(anonymous_12)
FNDA:0,(anonymous_13)
FNDA:0,(anonymous_14)
FNDA:0,(anonymous_15)
FNDA:0,(anonymous_16)
FNDA:0,(anonymous_17)
FNDA:0,(anonymous_18)
FNDA:0,(anonymous_19)
FNDA:0,(anonymous_20)
FNDA:0,(anonymous_21)
FNDA:0,(anonymous_22)
FNDA:0,(anonymous_23)
FNDA:0,(anonymous_24)
FNDA:0,(anonymous_25)
FNDA:0,(anonymous_26)
FNDA:0,(anonymous_27)
DA:18,1
DA:19,1
DA:22,0
DA:23,0
DA:24,0
DA:25,0
DA:26,0
DA:27,0
DA:28,0
DA:29,0
DA:30,0
DA:31,0
DA:33,0
DA:34,0
DA:37,0
DA:38,0
DA:58,0
DA:59,0
DA:62,0
DA:63,0
DA:66,0
DA:86,0
DA:87,0
DA:92,0
DA:95,0
DA:151,0
DA:152,0
DA:157,0
DA:160,0
DA:163,0
DA:164,0
DA:169,0
DA:172,0
DA:175,0
DA:176,0
DA:183,0
DA:187,0
DA:188,0
DA:229,0
DA:230,0
DA:237,0
DA:286,0
DA:287,0
DA:288,0
DA:292,0
DA:310,0
DA:314,0
DA:360,0
DA:361,0
DA:377,0
DA:389,0
DA:390,0
DA:396,1
LF:53
LH:3
BRDA:195,0,0,0
BRDA:195,0,1,0
BRDA:360,1,0,0
BRDA:360,1,1,0
BRDA:377,2,0,0
BRDA:377,2,1,0
BRF:6
BRH:0
end_of_record
TN:
SF:Screens\LoadingScreen.js
FN:4,(anonymous_0)
FNF:1
FNH:1
FNDA:1,(anonymous_0)
DA:4,1
DA:5,1
DA:14,1
LF:3
LH:3
BRF:0
BRH:0
end_of_record
TN:
SF:Screens\LoginScreen.js
FN:21,(anonymous_0)
FN:66,(anonymous_1)
FN:78,(anonymous_2)
FN:80,(anonymous_3)
FN:95,(anonymous_4)
FN:116,(anonymous_5)
FN:132,(anonymous_6)
FN:172,(anonymous_7)
FN:183,(anonymous_8)
FN:197,(anonymous_9)
FNF:10
FNH:5
FNDA:4,(anonymous_0)
FNDA:0,(anonymous_1)
FNDA:0,(anonymous_2)
FNDA:0,(anonymous_3)
FNDA:0,(anonymous_4)
FNDA:2,(anonymous_5)
FNDA:2,(anonymous_6)
FNDA:1,(anonymous_7)
FNDA:1,(anonymous_8)
FNDA:0,(anonymous_9)
DA:18,1
DA:19,1
DA:21,1
DA:22,4
DA:23,4
DA:25,4
DA:66,4
DA:67,0
DA:68,0
DA:78,0
DA:81,0
DA:82,0
DA:83,0
DA:86,0
DA:96,0
DA:97,0
DA:106,0
DA:107,0
DA:116,4
DA:117,2
DA:118,2
DA:119,0
DA:120,0
DA:122,2
DA:132,4
DA:133,2
DA:135,4
DA:172,1
DA:184,1
DA:197,0
LF:30
LH:16
BRDA:67,0,0,0
BRDA:67,0,1,0
BRDA:67,1,0,0
BRDA:67,1,1,0
BRDA:118,2,0,0
BRDA:118,2,1,2
BRF:6
BRH:1
end_of_record
TN:
SF:Screens\OrderDetails.js
FN:22,(anonymous_0)
FN:23,(anonymous_1)
FN:35,(anonymous_2)
FN:88,(anonymous_3)
FN:90,(anonymous_4)
FN:99,(anonymous_5)
FN:114,(anonymous_6)
FN:115,(anonymous_7)
FN:125,(anonymous_8)
FN:137,(anonymous_9)
FN:215,(anonymous_10)
FN:259,(anonymous_11)
FN:265,(anonymous_12)
FNF:13
FNH:0
FNDA:0,(anonymous_0)
FNDA:0,(anonymous_1)
FNDA:0,(anonymous_2)
FNDA:0,(anonymous_3)
FNDA:0,(anonymous_4)
FNDA:0,(anonymous_5)
FNDA:0,(anonymous_6)
FNDA:0,(anonymous_7)
FNDA:0,(anonymous_8)
FNDA:0,(anonymous_9)
FNDA:0,(anonymous_10)
FNDA:0,(anonymous_11)
FNDA:0,(anonymous_12)
DA:18,1
DA:19,1
DA:20,1
DA:22,1
DA:23,0
DA:24,0
DA:26,0
DA:27,0
DA:33,0
DA:35,0
DA:36,0
DA:38,0
DA:40,0
DA:42,0
DA:44,0
DA:46,0
DA:48,0
DA:51,0
DA:52,0
DA:53,0
DA:56,0
DA:57,0
DA:58,0
DA:59,0
DA:60,0
DA:62,0
DA:63,0
DA:65,0
DA:66,0
DA:67,0
DA:68,0
DA:69,0
DA:70,0
DA:73,0
DA:75,0
DA:76,0
DA:77,0
DA:79,0
DA:80,0
DA:81,0
DA:82,0
DA:83,0
DA:85,0
DA:88,0
DA:89,0
DA:90,0
DA:91,0
DA:93,0
DA:96,0
DA:97,0
DA:99,0
DA:100,0
DA:101,0
DA:114,0
DA:116,0
DA:123,0
DA:126,0
DA:127,0
DA:137,0
DA:138,0
DA:185,0
DA:215,0
DA:259,0
DA:265,0
DA:271,1
LF:65
LH:5
BRDA:36,0,0,0
BRDA:36,0,1,0
BRDA:36,0,2,0
BRDA:36,0,3,0
BRDA:36,0,4,0
BRF:5
BRH:0
end_of_record
TN:
SF:Screens\Reservations.js
FN:34,Reservations
FN:41,(anonymous_1)
FN:47,(anonymous_2)
FN:48,(anonymous_3)
FN:53,(anonymous_4)
FN:57,(anonymous_5)
FN:61,(anonymous_6)
FN:66,(anonymous_7)
FN:67,(anonymous_8)
FN:71,(anonymous_9)
FN:75,(anonymous_10)
FN:79,(anonymous_11)
FN:86,(anonymous_12)
FN:90,(anonymous_13)
FN:163,(anonymous_14)
FN:172,(anonymous_15)
FN:283,(anonymous_16)
FN:285,(anonymous_17)
FN:289,(anonymous_18)
FNF:19
FNH:0
FNDA:0,Reservations
FNDA:0,(anonymous_1)
FNDA:0,(anonymous_2)
FNDA:0,(anonymous_3)
FNDA:0,(anonymous_4)
FNDA:0,(anonymous_5)
FNDA:0,(anonymous_6)
FNDA:0,(anonymous_7)
FNDA:0,(anonymous_8)
FNDA:0,(anonymous_9)
FNDA:0,(anonymous_10)
FNDA:0,(anonymous_11)
FNDA:0,(anonymous_12)
FNDA:0,(anonymous_13)
FNDA:0,(anonymous_14)
FNDA:0,(anonymous_15)
FNDA:0,(anonymous_16)
FNDA:0,(anonymous_17)
FNDA:0,(anonymous_18)
DA:31,1
DA:32,1
DA:35,0
DA:36,0
DA:37,0
DA:38,0
DA:39,0
DA:41,0
DA:42,0
DA:43,0
DA:44,0
DA:46,0
DA:47,0
DA:49,0
DA:50,0
DA:51,0
DA:54,0
DA:57,0
DA:58,0
DA:61,0
DA:62,0
DA:63,0
DA:65,0
DA:66,0
DA:68,0
DA:69,0
DA:72,0
DA:75,0
DA:76,0
DA:79,0
DA:80,0
DA:87,0
DA:91,0
DA:92,0
DA:163,0
DA:164,0
DA:172,0
DA:236,0
DA:283,0
DA:285,0
DA:289,0
DA:298,1
LF:42
LH:3
BRF:0
BRH:0
end_of_record
TN:
SF:Screens\ReservationsForm.js
FN:20,ReservationsForm
FN:40,(anonymous_1)
FN:46,(anonymous_2)
FN:49,(anonymous_3)
FN:53,(anonymous_4)
FN:57,(anonymous_5)
FN:61,(anonymous_6)
FN:66,(anonymous_7)
FN:70,(anonymous_8)
FN:74,(anonymous_9)
FN:79,(anonymous_10)
FN:83,(anonymous_11)
FN:87,(anonymous_12)
FN:92,(anonymous_13)
FN:131,(anonymous_14)
FN:132,(anonymous_15)
FN:144,(anonymous_16)
FN:180,(anonymous_17)
FN:190,(anonymous_18)
FN:204,(anonymous_19)
FN:217,(anonymous_20)
FN:235,(anonymous_21)
FN:252,(anonymous_22)
FN:267,(anonymous_23)
FN:294,(anonymous_24)
FNF:25
FNH:6
FNDA:6,ReservationsForm
FNDA:0,(anonymous_1)
FNDA:0,(anonymous_2)
FNDA:0,(anonymous_3)
FNDA:0,(anonymous_4)
FNDA:0,(anonymous_5)
FNDA:0,(anonymous_6)
FNDA:0,(anonymous_7)
FNDA:0,(anonymous_8)
FNDA:0,(anonymous_9)
FNDA:0,(anonymous_10)
FNDA:0,(anonymous_11)
FNDA:0,(anonymous_12)
FNDA:0,(anonymous_13)
FNDA:0,(anonymous_14)
FNDA:0,(anonymous_15)
FNDA:0,(anonymous_16)
FNDA:6,(anonymous_17)
FNDA:1,(anonymous_18)
FNDA:1,(anonymous_19)
FNDA:1,(anonymous_20)
FNDA:0,(anonymous_21)
FNDA:0,(anonymous_22)
FNDA:0,(anonymous_23)
FNDA:1,(anonymous_24)
DA:17,2
DA:18,2
DA:26,6
DA:27,6
DA:28,6
DA:29,6
DA:30,6
DA:31,6
DA:32,6
DA:33,6
DA:34,6
DA:36,6
DA:37,6
DA:38,6
DA:40,6
DA:41,0
DA:47,0
DA:50,0
DA:53,6
DA:54,0
DA:57,6
DA:58,0
DA:61,6
DA:62,0
DA:63,0
DA:66,6
DA:67,0
DA:70,6
DA:71,0
DA:74,6
DA:75,0
DA:76,0
DA:79,6
DA:80,0
DA:83,6
DA:84,0
DA:87,6
DA:88,0
DA:89,0
DA:92,6
DA:93,0
DA:104,0
DA:114,0
DA:131,0
DA:133,0
DA:134,0
DA:136,0
DA:145,0
DA:152,0
DA:153,0
DA:156,0
DA:157,0
DA:166,6
DA:181,6
DA:190,1
DA:204,1
DA:217,1
DA:235,0
DA:252,0
DA:267,0
DA:294,1
DA:314,2
LF:62
LH:32
BRDA:104,0,0,0
BRDA:104,0,1,0
BRDA:105,1,0,0
BRDA:105,1,1,0
BRDA:105,1,2,0
BRDA:105,1,3,0
BRDA:105,1,4,0
BRDA:105,1,5,0
BRDA:105,1,6,0
BRDA:105,1,7,0
BRF:10
BRH:0
end_of_record
TN:
SF:redux\index.js
FNF:0
FNH:0
LF:0
LH:0
BRF:0
BRH:0
end_of_record
TN:
SF:redux\cart\cartActions.js
FN:5,addToCart
FN:12,resetCart
FN:18,removeCartItem
FNF:3
FNH:0
FNDA:0,addToCart
FNDA:0,resetCart
FNDA:0,removeCartItem
DA:1,2
DA:2,2
DA:3,2
DA:6,0
DA:13,0
DA:19,0
LF:6
LH:3
BRF:0
BRH:0
end_of_record
TN:
SF:shared\Button.js
FN:5,(anonymous_0)
FN:5,(anonymous_1)
FN:15,(anonymous_2)
FN:15,(anonymous_3)
FN:25,(anonymous_4)
FN:25,(anonymous_5)
FN:35,(anonymous_6)
FN:35,(anonymous_7)
FNF:8
FNH:1
FNDA:10,(anonymous_0)
FNDA:0,(anonymous_1)
FNDA:0,(anonymous_2)
FNDA:0,(anonymous_3)
FNDA:0,(anonymous_4)
FNDA:0,(anonymous_5)
FNDA:0,(anonymous_6)
FNDA:0,(anonymous_7)
DA:5,6
DA:6,10
DA:15,6
DA:16,0
DA:25,6
DA:26,0
DA:35,6
DA:36,0
DA:45,6
LF:9
LH:6
BRDA:5,0,0,0
BRDA:15,1,0,0
BRDA:25,2,0,0
BRDA:35,3,0,0
BRF:4
BRH:0
end_of_record
TN:
SF:shared\Header.js
FN:5,(anonymous_0)
FN:6,(anonymous_1)
FNF:2
FNH:1
FNDA:1,(anonymous_0)
FNDA:0,(anonymous_1)
DA:5,4
DA:6,1
DA:7,0
DA:9,1
DA:31,4
LF:5
LH:4
BRF:0
BRH:0
end_of_record
TN:
SF:styles\colors.js
FNF:0
FNH:0
DA:1,7
LF:1
LH:1
BRF:0
BRH:0
end_of_record
TN:
SF:styles\global.js
FNF:0
FNH:0
DA:3,3
LF:1
LH:1
BRF:0
BRH:0
end_of_record
