TN:
SF:assetsTransformer.js
FN:4,(anonymous_0)
FNF:1
FNH:0
FNDA:0,(anonymous_0)
DA:1,1
DA:3,1
DA:5,0
LF:3
LH:2
BRF:0
BRH:0
end_of_record
TN:
SF:Screens\LoginScreen.js
FN:16,(anonymous_0)
FN:60,(anonymous_1)
FN:72,(anonymous_2)
FN:74,(anonymous_3)
FN:98,(anonymous_4)
FN:113,(anonymous_5)
FN:141,(anonymous_6)
FN:152,(anonymous_7)
FN:166,(anonymous_8)
FNF:9
FNH:5
FNDA:4,(anonymous_0)
FNDA:0,(anonymous_1)
FNDA:0,(anonymous_2)
FNDA:0,(anonymous_3)
FNDA:2,(anonymous_4)
FNDA:2,(anonymous_5)
FNDA:1,(anonymous_6)
FNDA:1,(anonymous_7)
FNDA:0,(anonymous_8)
DA:16,1
DA:17,4
DA:18,4
DA:20,4
DA:60,4
DA:61,0
DA:62,0
DA:72,0
DA:75,0
DA:76,0
DA:77,0
DA:79,0
DA:89,0
DA:98,4
DA:99,2
DA:100,2
DA:101,0
DA:102,0
DA:104,2
DA:113,4
DA:114,2
DA:116,4
DA:141,1
DA:153,1
DA:166,0
LF:25
LH:14
BRDA:61,0,0,0
BRDA:61,0,1,0
BRDA:61,1,0,0
BRDA:61,1,1,0
BRDA:100,2,0,0
BRDA:100,2,1,2
BRF:6
BRH:1
end_of_record
TN:
SF:shared\Button.js
FN:5,(anonymous_0)
FN:5,(anonymous_1)
FN:15,(anonymous_2)
FN:15,(anonymous_3)
FNF:4
FNH:1
FNDA:4,(anonymous_0)
FNDA:0,(anonymous_1)
FNDA:0,(anonymous_2)
FNDA:0,(anonymous_3)
DA:5,1
DA:6,4
DA:15,1
DA:16,0
DA:25,1
LF:5
LH:4
BRDA:5,0,0,0
BRDA:15,1,0,0
BRF:2
BRH:0
end_of_record
TN:
SF:styles\colors.js
FNF:0
FNH:0
DA:1,1
LF:1
LH:1
BRF:0
BRH:0
end_of_record
